<?xml version="1.0" encoding="UTF-8"?>
<!-- Generated by org.testng.reporters.JUnitXMLReporter -->
<testsuite hostname="Suniita" failures="0" tests="4" name="Default test" time="12.151" errors="0" timestamp="22 Apr 2025 10:03:09 GMT">
  <testcase classname="AutomationUsingTestNGFramework.TestNGAutomation.MouseMovementDragnDrop" name="mouseMovement" time="3.463"/>
  <testcase classname="AutomationUsingTestNGFramework.TestNGAutomation.MouseMovementDragnDrop" name="mouseRightClick" time="3.183"/>
  <testcase classname="AutomationUsingTestNGFramework.TestNGAutomation.MouseMovementDragnDrop" name="dragnDrop" time="0.33"/>
  <testcase classname="AutomationUsingTestNGFramework.TestNGAutomation.MouseMovementDragnDrop" name="m1" time="0.001"/>
</testsuite> <!-- Default test -->
