<?xml version="1.0" encoding="UTF-8"?>
<testng-results total="1" passed="1" failed="0" skipped="0">
  <reporter-output>
  </reporter-output>
  <suite started-at="2025-04-17T13:00:15Z" name="Default suite" finished-at="2025-04-17T13:00:30Z" duration-ms="15321">
    <groups>
    </groups>
    <test started-at="2025-04-17T13:00:15Z" name="Default test" finished-at="2025-04-17T13:00:30Z" duration-ms="15321">
      <class name="AutomationUsinfTestNGFramework.TestNGAutomation.Alerts">
        <test-method signature="alertpage1()[pri:0, instance:AutomationUsinfTestNGFramework.TestNGAutomation.Alerts@8e0379d]" started-at="2025-04-17T18:30:15Z" name="alertpage1" finished-at="2025-04-17T18:30:30Z" duration-ms="15301" status="PASS">
          <reporter-output>
          </reporter-output>
        </test-method> <!-- alertpage1 -->
      </class> <!-- AutomationUsinfTestNGFramework.TestNGAutomation.Alerts -->
    </test> <!-- Default test -->
  </suite> <!-- Default suite -->
</testng-results>
